<?xml version="1.0" encoding="UTF-8"?>
<!-- Generated by org.testng.reporters.JUnitReportReporter -->
<testsuite skipped="0" hostname="Karthick-PC" name="testNGPractices.TestTwo" tests="1" failures="0" timestamp="18 Aug 2018 10:39:59 GMT" time="0.001" errors="0">
  <testcase name="Test2" time="0.001" classname="testNGPractices.TestTwo"/>
</testsuite> <!-- testNGPractices.TestTwo -->
