<?xml version="1.0" encoding="UTF-8"?>
<!-- Generated by org.testng.reporters.JUnitReportReporter -->
<testsuite skipped="0" hostname="Karthick-PC" name="testNGPractices.TestThree" tests="1" failures="0" timestamp="18 Aug 2018 10:39:59 GMT" time="0.008" errors="0">
  <testcase name="Test3" time="0.008" classname="testNGPractices.TestThree"/>
</testsuite> <!-- testNGPractices.TestThree -->
